country_picker/build/intermediates/manifest_merge_blame_file/debug/manifest-merger-blame-debug-report.txt
1<?xml version="1.0" encoding="utf-8"?>
2<manifest xmlns:android="http://schemas.android.com/apk/res/android"
3    xmlns:tools="http://schemas.android.com/tools"
4    package="sl.com.eightdigitz.country_picker"
5    android:versionCode="1"
6    android:versionName="1.0" >
7
8    <uses-sdk
9        android:minSdkVersion="19"
9-->src\main\AndroidManifest.xml
10        android:targetSdkVersion="29" />
10-->src\main\AndroidManifest.xml
11
12    <uses-permission android:name="android.permission.INTERNET" />
12-->src\main\AndroidManifest.xml:5:5-67
12-->src\main\AndroidManifest.xml:5:22-64
13
14    <application tools:ignore="GoogleAppIndexingWarning" >
14-->src\main\AndroidManifest.xml:7:5-21:19
14-->src\main\AndroidManifest.xml:7:18-57
15        <activity
15-->src\main\AndroidManifest.xml:8:9-13:70
16            android:name="sl.com.eightdigitz.country_picker.presentation.country_picker.CountryPicker"
16-->src\main\AndroidManifest.xml:9:13-70
17            android:launchMode="singleTop"
17-->src\main\AndroidManifest.xml:10:13-43
18            android:screenOrientation="portrait"
18-->src\main\AndroidManifest.xml:11:13-49
19            android:theme="@style/AppTheme"
19-->src\main\AndroidManifest.xml:12:13-44
20            android:windowSoftInputMode="stateHidden|adjustResize" />
20-->src\main\AndroidManifest.xml:13:13-67
21        <activity
21-->src\main\AndroidManifest.xml:15:9-20:70
22            android:name="sl.com.eightdigitz.country_picker.presentation.validator.NumberValidator"
22-->src\main\AndroidManifest.xml:16:13-67
23            android:launchMode="singleTop"
23-->src\main\AndroidManifest.xml:17:13-43
24            android:screenOrientation="portrait"
24-->src\main\AndroidManifest.xml:18:13-49
25            android:theme="@style/AppTheme"
25-->src\main\AndroidManifest.xml:19:13-44
26            android:windowSoftInputMode="stateHidden|adjustResize" />
26-->src\main\AndroidManifest.xml:20:13-67
27    </application>
28
29</manifest>